<?xml version="1.0" encoding="UTF-8"?>
<coverage generated="1618604183988" clover="3.2.0">
  <project timestamp="1618604183988" name="All files">
    <metrics statements="68" coveredstatements="21" conditionals="4" coveredconditionals="0" methods="34" coveredmethods="5" elements="106" coveredelements="26" complexity="0" loc="68" ncloc="68" packages="4" files="11" classes="11"/>
    <package name="h-appy-client">
      <metrics statements="4" coveredstatements="2" conditionals="2" coveredconditionals="0" methods="1" coveredmethods="0"/>
      <file name="App.js" path="/Users/adamjonas/Projects/makers/week-11/h-appy-client/App.js">
        <metrics statements="2" coveredstatements="0" conditionals="2" coveredconditionals="0" methods="1" coveredmethods="0"/>
        <line num="7" count="0" type="stmt"/>
        <line num="14" count="0" type="stmt"/>
      </file>
      <file name="stockData.js" path="/Users/adamjonas/Projects/makers/week-11/h-appy-client/stockData.js">
        <metrics statements="2" coveredstatements="2" conditionals="0" coveredconditionals="0" methods="0" coveredmethods="0"/>
        <line num="1" count="1" type="stmt"/>
        <line num="47" count="1" type="stmt"/>
      </file>
    </package>
    <package name="h-appy-client.components">
      <metrics statements="5" coveredstatements="5" conditionals="0" coveredconditionals="0" methods="2" coveredmethods="2"/>
      <file name="CourseHeader.js" path="/Users/adamjonas/Projects/makers/week-11/h-appy-client/components/CourseHeader.js">
        <metrics statements="3" coveredstatements="3" conditionals="0" coveredconditionals="0" methods="1" coveredmethods="1"/>
        <line num="5" count="1" type="stmt"/>
        <line num="6" count="1" type="stmt"/>
        <line num="13" count="2" type="stmt"/>
      </file>
      <file name="Header.js" path="/Users/adamjonas/Projects/makers/week-11/h-appy-client/components/Header.js">
        <metrics statements="2" coveredstatements="2" conditionals="0" coveredconditionals="0" methods="1" coveredmethods="1"/>
        <line num="5" count="2" type="stmt"/>
        <line num="12" count="3" type="stmt"/>
      </file>
    </package>
    <package name="h-appy-client.routes">
      <metrics statements="9" coveredstatements="4" conditionals="0" coveredconditionals="0" methods="5" coveredmethods="0"/>
      <file name="AppNavigator.js" path="/Users/adamjonas/Projects/makers/week-11/h-appy-client/routes/AppNavigator.js">
        <metrics statements="0" coveredstatements="0" conditionals="0" coveredconditionals="0" methods="0" coveredmethods="0"/>
      </file>
      <file name="DrawerNavigator.js" path="/Users/adamjonas/Projects/makers/week-11/h-appy-client/routes/DrawerNavigator.js">
        <metrics statements="9" coveredstatements="4" conditionals="0" coveredconditionals="0" methods="5" coveredmethods="0"/>
        <line num="10" count="1" type="stmt"/>
        <line num="13" count="0" type="stmt"/>
        <line num="19" count="0" type="stmt"/>
        <line num="25" count="0" type="stmt"/>
        <line num="31" count="0" type="stmt"/>
        <line num="36" count="1" type="stmt"/>
        <line num="37" count="0" type="stmt"/>
        <line num="55" count="1" type="stmt"/>
        <line num="62" count="1" type="stmt"/>
      </file>
    </package>
    <package name="h-appy-client.views">
      <metrics statements="50" coveredstatements="10" conditionals="2" coveredconditionals="0" methods="26" coveredmethods="3"/>
      <file name="About.js" path="/Users/adamjonas/Projects/makers/week-11/h-appy-client/views/About.js">
        <metrics statements="4" coveredstatements="1" conditionals="0" coveredconditionals="0" methods="2" coveredmethods="0"/>
        <line num="9" count="0" type="stmt"/>
        <line num="10" count="0" type="stmt"/>
        <line num="16" count="0" type="stmt"/>
        <line num="22" count="1" type="stmt"/>
      </file>
      <file name="AddActivity.js" path="/Users/adamjonas/Projects/makers/week-11/h-appy-client/views/AddActivity.js">
        <metrics statements="10" coveredstatements="7" conditionals="0" coveredconditionals="0" methods="6" coveredmethods="3"/>
        <line num="10" count="1" type="stmt"/>
        <line num="11" count="1" type="stmt"/>
        <line num="25" count="0" type="stmt"/>
        <line num="38" count="1" type="stmt"/>
        <line num="39" count="1" type="stmt"/>
        <line num="51" count="0" type="stmt"/>
        <line num="58" count="1" type="stmt"/>
        <line num="59" count="1" type="stmt"/>
        <line num="71" count="0" type="stmt"/>
        <line num="77" count="2" type="stmt"/>
      </file>
      <file name="IndividualActivity.js" path="/Users/adamjonas/Projects/makers/week-11/h-appy-client/views/IndividualActivity.js">
        <metrics statements="4" coveredstatements="0" conditionals="0" coveredconditionals="0" methods="2" coveredmethods="0"/>
        <line num="9" count="0" type="stmt"/>
        <line num="10" count="0" type="stmt"/>
        <line num="16" count="0" type="stmt"/>
        <line num="22" count="0" type="stmt"/>
      </file>
      <file name="IndividualCourse.js" path="/Users/adamjonas/Projects/makers/week-11/h-appy-client/views/IndividualCourse.js">
        <metrics statements="8" coveredstatements="1" conditionals="0" coveredconditionals="0" methods="4" coveredmethods="0"/>
        <line num="11" count="0" type="stmt"/>
        <line num="19" count="0" type="stmt"/>
        <line num="21" count="0" type="stmt"/>
        <line num="23" count="0" type="stmt"/>
        <line num="25" count="0" type="stmt"/>
        <line num="40" count="0" type="stmt"/>
        <line num="45" count="0" type="stmt"/>
        <line num="51" count="1" type="stmt"/>
      </file>
      <file name="MainMenu.js" path="/Users/adamjonas/Projects/makers/week-11/h-appy-client/views/MainMenu.js">
        <metrics statements="24" coveredstatements="1" conditionals="2" coveredconditionals="0" methods="12" coveredmethods="0"/>
        <line num="13" count="0" type="stmt"/>
        <line num="14" count="0" type="stmt"/>
        <line num="17" count="0" type="stmt"/>
        <line num="27" count="0" type="stmt"/>
        <line num="29" count="0" type="stmt"/>
        <line num="30" count="0" type="stmt"/>
        <line num="31" count="0" type="stmt"/>
        <line num="32" count="0" type="stmt"/>
        <line num="33" count="0" type="stmt"/>
        <line num="36" count="0" type="stmt"/>
        <line num="40" count="0" type="stmt"/>
        <line num="48" count="0" type="stmt"/>
        <line num="49" count="0" type="stmt"/>
        <line num="50" count="0" type="stmt"/>
        <line num="51" count="0" type="stmt"/>
        <line num="52" count="0" type="stmt"/>
        <line num="53" count="0" type="cond" truecount="0" falsecount="2"/>
        <line num="55" count="0" type="stmt"/>
        <line num="66" count="0" type="stmt"/>
        <line num="73" count="0" type="stmt"/>
        <line num="81" count="0" type="stmt"/>
        <line num="83" count="0" type="stmt"/>
        <line num="85" count="0" type="stmt"/>
        <line num="118" count="1" type="stmt"/>
      </file>
    </package>
  </project>
</coverage>
