<?xml version="1.0" encoding="UTF-8"?>
<coverage generated="1618502454662" clover="3.2.0">
  <project timestamp="1618502454662" name="All files">
    <metrics statements="41" coveredstatements="26" conditionals="2" coveredconditionals="2" methods="20" coveredmethods="7" elements="63" coveredelements="35" complexity="0" loc="41" ncloc="41" packages="4" files="6" classes="6"/>
    <package name="h-appy-client">
      <metrics statements="1" coveredstatements="1" conditionals="0" coveredconditionals="0" methods="1" coveredmethods="1"/>
      <file name="App.js" path="/Users/jackgumoes/Makers/h-appy-client/App.js">
        <metrics statements="1" coveredstatements="1" conditionals="0" coveredconditionals="0" methods="1" coveredmethods="1"/>
        <line num="8" count="1" type="stmt"/>
      </file>
    </package>
    <package name="h-appy-client.components">
      <metrics statements="2" coveredstatements="1" conditionals="0" coveredconditionals="0" methods="1" coveredmethods="0"/>
      <file name="header.js" path="/Users/jackgumoes/Makers/h-appy-client/components/header.js">
        <metrics statements="2" coveredstatements="1" conditionals="0" coveredconditionals="0" methods="1" coveredmethods="0"/>
        <line num="5" count="0" type="stmt"/>
        <line num="12" count="2" type="stmt"/>
      </file>
    </package>
    <package name="h-appy-client.routes">
      <metrics statements="5" coveredstatements="5" conditionals="0" coveredconditionals="0" methods="2" coveredmethods="2"/>
      <file name="AppNavigator.js" path="/Users/jackgumoes/Makers/h-appy-client/routes/AppNavigator.js">
        <metrics statements="5" coveredstatements="5" conditionals="0" coveredconditionals="0" methods="2" coveredmethods="2"/>
        <line num="8" count="2" type="stmt"/>
        <line num="10" count="2" type="stmt"/>
        <line num="11" count="2" type="stmt"/>
        <line num="18" count="2" type="stmt"/>
        <line num="19" count="2" type="stmt"/>
      </file>
    </package>
    <package name="h-appy-client.views">
      <metrics statements="33" coveredstatements="19" conditionals="2" coveredconditionals="2" methods="16" coveredmethods="4"/>
      <file name="About.js" path="/Users/jackgumoes/Makers/h-appy-client/views/About.js">
        <metrics statements="4" coveredstatements="1" conditionals="0" coveredconditionals="0" methods="2" coveredmethods="0"/>
        <line num="9" count="0" type="stmt"/>
        <line num="10" count="0" type="stmt"/>
        <line num="16" count="0" type="stmt"/>
        <line num="22" count="2" type="stmt"/>
      </file>
      <file name="Appetisers.js" path="/Users/jackgumoes/Makers/h-appy-client/views/Appetisers.js">
        <metrics statements="4" coveredstatements="1" conditionals="0" coveredconditionals="0" methods="2" coveredmethods="0"/>
        <line num="9" count="0" type="stmt"/>
        <line num="10" count="0" type="stmt"/>
        <line num="16" count="0" type="stmt"/>
        <line num="22" count="2" type="stmt"/>
      </file>
      <file name="MainMenu.js" path="/Users/jackgumoes/Makers/h-appy-client/views/MainMenu.js">
        <metrics statements="25" coveredstatements="17" conditionals="2" coveredconditionals="2" methods="12" coveredmethods="4"/>
        <line num="11" count="2" type="stmt"/>
        <line num="12" count="2" type="stmt"/>
        <line num="17" count="0" type="stmt"/>
        <line num="30" count="0" type="stmt"/>
        <line num="38" count="8" type="stmt"/>
        <line num="39" count="8" type="stmt"/>
        <line num="40" count="8" type="stmt"/>
        <line num="41" count="8" type="stmt"/>
        <line num="43" count="8" type="cond" truecount="2" falsecount="0"/>
        <line num="44" count="8" type="stmt"/>
        <line num="51" count="0" type="stmt"/>
        <line num="65" count="0" type="stmt"/>
        <line num="73" count="2" type="stmt"/>
        <line num="74" count="2" type="stmt"/>
        <line num="75" count="2" type="stmt"/>
        <line num="77" count="2" type="stmt"/>
        <line num="78" count="2" type="stmt"/>
        <line num="79" count="0" type="stmt"/>
        <line num="80" count="0" type="stmt"/>
        <line num="81" count="0" type="stmt"/>
        <line num="82" count="0" type="stmt"/>
        <line num="85" count="2" type="stmt"/>
        <line num="119" count="3" type="stmt"/>
        <line num="178" count="3" type="stmt"/>
        <line num="224" count="3" type="stmt"/>
      </file>
    </package>
  </project>
</coverage>
