{"/Users/adamjonas/Projects/makers/week-11/h-appy-client/App.js": {"path":"/Users/adamjonas/Projects/makers/week-11/h-appy-client/App.js","statementMap":{"0":{"start":{"line":7,"column":2},"end":{"line":9,"column":4}}},"fnMap":{"0":{"name":"App","decl":{"start":{"line":6,"column":24},"end":{"line":6,"column":27}},"loc":{"start":{"line":6,"column":30},"end":{"line":10,"column":1}},"line":6}},"branchMap":{},"s":{"0":0},"f":{"0":0},"b":{}}
,"/Users/adamjonas/Projects/makers/week-11/h-appy-client/components/header.js": {"path":"/Users/adamjonas/Projects/makers/week-11/h-appy-client/components/header.js","statementMap":{"0":{"start":{"line":5,"column":2},"end":{"line":9,"column":4}},"1":{"start":{"line":12,"column":15},"end":{"line":19,"column":2}}},"fnMap":{"0":{"name":"header","decl":{"start":{"line":4,"column":24},"end":{"line":4,"column":30}},"loc":{"start":{"line":4,"column":33},"end":{"line":10,"column":1}},"line":4}},"branchMap":{},"s":{"0":0,"1":0},"f":{"0":0},"b":{}}
,"/Users/adamjonas/Projects/makers/week-11/h-appy-client/routes/AppNavigator.js": {"path":"/Users/adamjonas/Projects/makers/week-11/h-appy-client/routes/AppNavigator.js","statementMap":{"0":{"start":{"line":10,"column":30},"end":{"line":10,"column":52}},"1":{"start":{"line":12,"column":22},"end":{"line":20,"column":1}},"2":{"start":{"line":13,"column":2},"end":{"line":19,"column":14}},"3":{"start":{"line":22,"column":28},"end":{"line":26,"column":1}},"4":{"start":{"line":23,"column":2},"end":{"line":25,"column":24}}},"fnMap":{"0":{"name":"(anonymous_0)","decl":{"start":{"line":12,"column":22},"end":{"line":12,"column":23}},"loc":{"start":{"line":13,"column":2},"end":{"line":19,"column":14}},"line":13},"1":{"name":"(anonymous_1)","decl":{"start":{"line":22,"column":28},"end":{"line":22,"column":29}},"loc":{"start":{"line":23,"column":2},"end":{"line":25,"column":24}},"line":23}},"branchMap":{},"s":{"0":0,"1":0,"2":0,"3":0,"4":0},"f":{"0":0,"1":0},"b":{}}
,"/Users/adamjonas/Projects/makers/week-11/h-appy-client/routes/DrawerNavigator.js": {"path":"/Users/adamjonas/Projects/makers/week-11/h-appy-client/routes/DrawerNavigator.js","statementMap":{"0":{"start":{"line":10,"column":15},"end":{"line":10,"column":38}},"1":{"start":{"line":12,"column":22},"end":{"line":24,"column":1}},"2":{"start":{"line":13,"column":2},"end":{"line":23,"column":3}},"3":{"start":{"line":26,"column":31},"end":{"line":30,"column":1}},"4":{"start":{"line":27,"column":2},"end":{"line":29,"column":24}}},"fnMap":{"0":{"name":"(anonymous_0)","decl":{"start":{"line":12,"column":22},"end":{"line":12,"column":23}},"loc":{"start":{"line":12,"column":28},"end":{"line":24,"column":1}},"line":12},"1":{"name":"(anonymous_1)","decl":{"start":{"line":26,"column":31},"end":{"line":26,"column":32}},"loc":{"start":{"line":27,"column":2},"end":{"line":29,"column":24}},"line":27}},"branchMap":{},"s":{"0":0,"1":0,"2":0,"3":0,"4":0},"f":{"0":0,"1":0},"b":{}}
,"/Users/adamjonas/Projects/makers/week-11/h-appy-client/views/About.js": {"path":"/Users/adamjonas/Projects/makers/week-11/h-appy-client/views/About.js","statementMap":{"0":{"start":{"line":9,"column":21},"end":{"line":9,"column":36}},"1":{"start":{"line":10,"column":2},"end":{"line":19,"column":4}},"2":{"start":{"line":16,"column":23},"end":{"line":16,"column":54}},"3":{"start":{"line":22,"column":15},"end":{"line":66,"column":2}}},"fnMap":{"0":{"name":"About","decl":{"start":{"line":8,"column":24},"end":{"line":8,"column":29}},"loc":{"start":{"line":8,"column":32},"end":{"line":20,"column":1}},"line":8},"1":{"name":"(anonymous_1)","decl":{"start":{"line":16,"column":17},"end":{"line":16,"column":18}},"loc":{"start":{"line":16,"column":23},"end":{"line":16,"column":54}},"line":16}},"branchMap":{},"s":{"0":0,"1":0,"2":0,"3":0},"f":{"0":0,"1":0},"b":{}}
,"/Users/adamjonas/Projects/makers/week-11/h-appy-client/views/AddActivity.js": {"path":"/Users/adamjonas/Projects/makers/week-11/h-appy-client/views/AddActivity.js","statementMap":{"0":{"start":{"line":7,"column":2},"end":{"line":11,"column":4}}},"fnMap":{"0":{"name":"AddActivity","decl":{"start":{"line":6,"column":24},"end":{"line":6,"column":35}},"loc":{"start":{"line":6,"column":38},"end":{"line":12,"column":1}},"line":6}},"branchMap":{},"s":{"0":0},"f":{"0":0},"b":{}}
,"/Users/adamjonas/Projects/makers/week-11/h-appy-client/views/IndividualActivity.js": {"path":"/Users/adamjonas/Projects/makers/week-11/h-appy-client/views/IndividualActivity.js","statementMap":{"0":{"start":{"line":7,"column":21},"end":{"line":7,"column":36}},"1":{"start":{"line":8,"column":2},"end":{"line":17,"column":4}},"2":{"start":{"line":14,"column":23},"end":{"line":14,"column":54}},"3":{"start":{"line":20,"column":15},"end":{"line":64,"column":2}}},"fnMap":{"0":{"name":"IndividualActivity","decl":{"start":{"line":6,"column":24},"end":{"line":6,"column":42}},"loc":{"start":{"line":6,"column":45},"end":{"line":18,"column":1}},"line":6},"1":{"name":"(anonymous_1)","decl":{"start":{"line":14,"column":17},"end":{"line":14,"column":18}},"loc":{"start":{"line":14,"column":23},"end":{"line":14,"column":54}},"line":14}},"branchMap":{},"s":{"0":0,"1":0,"2":0,"3":0},"f":{"0":0,"1":0},"b":{}}
,"/Users/adamjonas/Projects/makers/week-11/h-appy-client/views/IndividualCourse.js": {"path":"/Users/adamjonas/Projects/makers/week-11/h-appy-client/views/IndividualCourse.js","statementMap":{"0":{"start":{"line":9,"column":21},"end":{"line":9,"column":36}},"1":{"start":{"line":10,"column":2},"end":{"line":19,"column":4}},"2":{"start":{"line":16,"column":23},"end":{"line":16,"column":54}},"3":{"start":{"line":22,"column":15},"end":{"line":66,"column":2}}},"fnMap":{"0":{"name":"IndividualCourse","decl":{"start":{"line":8,"column":24},"end":{"line":8,"column":40}},"loc":{"start":{"line":8,"column":43},"end":{"line":20,"column":1}},"line":8},"1":{"name":"(anonymous_1)","decl":{"start":{"line":16,"column":17},"end":{"line":16,"column":18}},"loc":{"start":{"line":16,"column":23},"end":{"line":16,"column":54}},"line":16}},"branchMap":{},"s":{"0":0,"1":0,"2":0,"3":0},"f":{"0":0,"1":0},"b":{}}
,"/Users/adamjonas/Projects/makers/week-11/h-appy-client/views/MainMenu.js": {"path":"/Users/adamjonas/Projects/makers/week-11/h-appy-client/views/MainMenu.js","statementMap":{"0":{"start":{"line":11,"column":21},"end":{"line":11,"column":36}},"1":{"start":{"line":12,"column":2},"end":{"line":23,"column":4}},"2":{"start":{"line":17,"column":39},"end":{"line":17,"column":67}},"3":{"start":{"line":26,"column":2},"end":{"line":30,"column":4}},"4":{"start":{"line":34,"column":22},"end":{"line":34,"column":27}},"5":{"start":{"line":35,"column":22},"end":{"line":35,"column":27}},"6":{"start":{"line":36,"column":20},"end":{"line":36,"column":25}},"7":{"start":{"line":37,"column":23},"end":{"line":37,"column":28}},"8":{"start":{"line":38,"column":21},"end":{"line":38,"column":36}},"9":{"start":{"line":40,"column":2},"end":{"line":40,"column":41}},"10":{"start":{"line":41,"column":2},"end":{"line":65,"column":4}},"11":{"start":{"line":48,"column":32},"end":{"line":48,"column":40}},"12":{"start":{"line":61,"column":32},"end":{"line":61,"column":40}},"13":{"start":{"line":69,"column":23},"end":{"line":69,"column":28}},"14":{"start":{"line":70,"column":34},"end":{"line":70,"column":48}},"15":{"start":{"line":71,"column":32},"end":{"line":71,"column":44}},"16":{"start":{"line":73,"column":2},"end":{"line":79,"column":9}},"17":{"start":{"line":74,"column":4},"end":{"line":78,"column":40}},"18":{"start":{"line":75,"column":26},"end":{"line":75,"column":41}},"19":{"start":{"line":76,"column":22},"end":{"line":76,"column":38}},"20":{"start":{"line":77,"column":24},"end":{"line":77,"column":44}},"21":{"start":{"line":78,"column":21},"end":{"line":78,"column":38}},"22":{"start":{"line":81,"column":2},"end":{"line":112,"column":4}},"23":{"start":{"line":115,"column":15},"end":{"line":172,"column":2}},"24":{"start":{"line":174,"column":17},"end":{"line":218,"column":1}},"25":{"start":{"line":220,"column":26},"end":{"line":226,"column":1}}},"fnMap":{"0":{"name":"MainMenu","decl":{"start":{"line":10,"column":24},"end":{"line":10,"column":32}},"loc":{"start":{"line":10,"column":35},"end":{"line":24,"column":1}},"line":10},"1":{"name":"(anonymous_1)","decl":{"start":{"line":17,"column":33},"end":{"line":17,"column":34}},"loc":{"start":{"line":17,"column":39},"end":{"line":17,"column":67}},"line":17},"2":{"name":"buildItem","decl":{"start":{"line":25,"column":9},"end":{"line":25,"column":18}},"loc":{"start":{"line":25,"column":25},"end":{"line":31,"column":1}},"line":25},"3":{"name":"BuildMenuSection","decl":{"start":{"line":33,"column":9},"end":{"line":33,"column":25}},"loc":{"start":{"line":33,"column":33},"end":{"line":66,"column":1}},"line":33},"4":{"name":"(anonymous_4)","decl":{"start":{"line":48,"column":22},"end":{"line":48,"column":23}},"loc":{"start":{"line":48,"column":32},"end":{"line":48,"column":40}},"line":48},"5":{"name":"(anonymous_5)","decl":{"start":{"line":61,"column":22},"end":{"line":61,"column":23}},"loc":{"start":{"line":61,"column":32},"end":{"line":61,"column":40}},"line":61},"6":{"name":"Menu","decl":{"start":{"line":68,"column":9},"end":{"line":68,"column":13}},"loc":{"start":{"line":68,"column":21},"end":{"line":113,"column":1}},"line":68},"7":{"name":"(anonymous_7)","decl":{"start":{"line":73,"column":12},"end":{"line":73,"column":13}},"loc":{"start":{"line":73,"column":18},"end":{"line":79,"column":3}},"line":73},"8":{"name":"(anonymous_8)","decl":{"start":{"line":75,"column":12},"end":{"line":75,"column":13}},"loc":{"start":{"line":75,"column":26},"end":{"line":75,"column":41}},"line":75},"9":{"name":"(anonymous_9)","decl":{"start":{"line":76,"column":12},"end":{"line":76,"column":13}},"loc":{"start":{"line":76,"column":22},"end":{"line":76,"column":38}},"line":76},"10":{"name":"(anonymous_10)","decl":{"start":{"line":77,"column":13},"end":{"line":77,"column":14}},"loc":{"start":{"line":77,"column":24},"end":{"line":77,"column":44}},"line":77},"11":{"name":"(anonymous_11)","decl":{"start":{"line":78,"column":15},"end":{"line":78,"column":16}},"loc":{"start":{"line":78,"column":21},"end":{"line":78,"column":38}},"line":78}},"branchMap":{"0":{"loc":{"start":{"line":40,"column":12},"end":{"line":40,"column":40}},"type":"binary-expr","locations":[{"start":{"line":40,"column":12},"end":{"line":40,"column":19}},{"start":{"line":40,"column":23},"end":{"line":40,"column":40}}],"line":40}},"s":{"0":0,"1":0,"2":0,"3":0,"4":0,"5":0,"6":0,"7":0,"8":0,"9":0,"10":0,"11":0,"12":0,"13":0,"14":0,"15":0,"16":0,"17":0,"18":0,"19":0,"20":0,"21":0,"22":0,"23":1,"24":1,"25":1},"f":{"0":0,"1":0,"2":0,"3":0,"4":0,"5":0,"6":0,"7":0,"8":0,"9":0,"10":0,"11":0},"b":{"0":[0,0]},"_coverageSchema":"1a1c01bbd47fc00a2c39e90264f33305004495a9","hash":"6a64f5a66474da3b7c909a0a1f4288b2d71c3915"}
}
