{"/Users/adamjonas/Projects/makers/week-11/h-appy-client/App.js": {"path":"/Users/adamjonas/Projects/makers/week-11/h-appy-client/App.js","statementMap":{"0":{"start":{"line":8,"column":2},"end":{"line":14,"column":4}},"1":{"start":{"line":17,"column":15},"end":{"line":23,"column":2}}},"fnMap":{"0":{"name":"App","decl":{"start":{"line":7,"column":24},"end":{"line":7,"column":27}},"loc":{"start":{"line":7,"column":30},"end":{"line":15,"column":1}},"line":7}},"branchMap":{"0":{"loc":{"start":{"line":21,"column":16},"end":{"line":21,"column":50}},"type":"cond-expr","locations":[{"start":{"line":21,"column":44},"end":{"line":21,"column":46}},{"start":{"line":21,"column":49},"end":{"line":21,"column":50}}],"line":21}},"s":{"0":1,"1":1},"f":{"0":1},"b":{"0":[0,1]},"_coverageSchema":"1a1c01bbd47fc00a2c39e90264f33305004495a9","hash":"d09d6b45a08971ce976d706e5ff2a1e0aa28dff7"}
,"/Users/adamjonas/Projects/makers/week-11/h-appy-client/components/CourseHeader.js": {"path":"/Users/adamjonas/Projects/makers/week-11/h-appy-client/components/CourseHeader.js","statementMap":{"0":{"start":{"line":5,"column":2},"end":{"line":9,"column":4}},"1":{"start":{"line":12,"column":15},"end":{"line":22,"column":2}}},"fnMap":{"0":{"name":"CourseHeader","decl":{"start":{"line":4,"column":24},"end":{"line":4,"column":36}},"loc":{"start":{"line":4,"column":39},"end":{"line":10,"column":1}},"line":4}},"branchMap":{},"s":{"0":0,"1":1},"f":{"0":0},"b":{},"_coverageSchema":"1a1c01bbd47fc00a2c39e90264f33305004495a9","hash":"1f9dee5660502f177d6b495e45fc5dd7f3360dd2"}
,"/Users/adamjonas/Projects/makers/week-11/h-appy-client/components/ErrorBoundary.js": {"path":"/Users/adamjonas/Projects/makers/week-11/h-appy-client/components/ErrorBoundary.js","statementMap":{"0":{"start":{"line":6,"column":4},"end":{"line":6,"column":17}},"1":{"start":{"line":7,"column":4},"end":{"line":7,"column":37}},"2":{"start":{"line":12,"column":4},"end":{"line":12,"column":30}},"3":{"start":{"line":16,"column":4},"end":{"line":16,"column":36}},"4":{"start":{"line":20,"column":4},"end":{"line":22,"column":5}},"5":{"start":{"line":21,"column":6},"end":{"line":21,"column":47}},"6":{"start":{"line":24,"column":4},"end":{"line":24,"column":31}}},"fnMap":{"0":{"name":"(anonymous_0)","decl":{"start":{"line":5,"column":2},"end":{"line":5,"column":3}},"loc":{"start":{"line":5,"column":21},"end":{"line":8,"column":3}},"line":5},"1":{"name":"(anonymous_1)","decl":{"start":{"line":10,"column":2},"end":{"line":10,"column":3}},"loc":{"start":{"line":10,"column":41},"end":{"line":13,"column":3}},"line":10},"2":{"name":"(anonymous_2)","decl":{"start":{"line":15,"column":2},"end":{"line":15,"column":3}},"loc":{"start":{"line":15,"column":38},"end":{"line":17,"column":3}},"line":15},"3":{"name":"(anonymous_3)","decl":{"start":{"line":19,"column":2},"end":{"line":19,"column":3}},"loc":{"start":{"line":19,"column":11},"end":{"line":25,"column":3}},"line":19}},"branchMap":{"0":{"loc":{"start":{"line":20,"column":4},"end":{"line":22,"column":5}},"type":"if","locations":[{"start":{"line":20,"column":4},"end":{"line":22,"column":5}},{"start":{"line":20,"column":4},"end":{"line":22,"column":5}}],"line":20}},"s":{"0":1,"1":1,"2":6,"3":6,"4":3,"5":2,"6":1},"f":{"0":1,"1":6,"2":6,"3":3},"b":{"0":[2,1]},"_coverageSchema":"1a1c01bbd47fc00a2c39e90264f33305004495a9","hash":"aadaa1859f23a2c0b41efeb9099da4ab95892d6a"}
,"/Users/adamjonas/Projects/makers/week-11/h-appy-client/components/Header.js": {"path":"/Users/adamjonas/Projects/makers/week-11/h-appy-client/components/Header.js","statementMap":{"0":{"start":{"line":5,"column":2},"end":{"line":9,"column":4}},"1":{"start":{"line":12,"column":15},"end":{"line":34,"column":2}}},"fnMap":{"0":{"name":"Header","decl":{"start":{"line":4,"column":24},"end":{"line":4,"column":30}},"loc":{"start":{"line":4,"column":33},"end":{"line":10,"column":1}},"line":4}},"branchMap":{},"s":{"0":1,"1":1},"f":{"0":1},"b":{},"_coverageSchema":"1a1c01bbd47fc00a2c39e90264f33305004495a9","hash":"1f3c502afdb06cf0073bd3d28e880dff63f1df0f"}
,"/Users/adamjonas/Projects/makers/week-11/h-appy-client/routes/AppNavigator.js": {"path":"/Users/adamjonas/Projects/makers/week-11/h-appy-client/routes/AppNavigator.js","statementMap":{"0":{"start":{"line":10,"column":30},"end":{"line":10,"column":52}},"1":{"start":{"line":12,"column":22},"end":{"line":20,"column":1}},"2":{"start":{"line":13,"column":2},"end":{"line":19,"column":14}},"3":{"start":{"line":22,"column":28},"end":{"line":26,"column":1}},"4":{"start":{"line":23,"column":2},"end":{"line":25,"column":24}}},"fnMap":{"0":{"name":"(anonymous_0)","decl":{"start":{"line":12,"column":22},"end":{"line":12,"column":23}},"loc":{"start":{"line":13,"column":2},"end":{"line":19,"column":14}},"line":13},"1":{"name":"(anonymous_1)","decl":{"start":{"line":22,"column":28},"end":{"line":22,"column":29}},"loc":{"start":{"line":23,"column":2},"end":{"line":25,"column":24}},"line":23}},"branchMap":{},"s":{"0":0,"1":0,"2":0,"3":0,"4":0},"f":{"0":0,"1":0},"b":{}}
,"/Users/adamjonas/Projects/makers/week-11/h-appy-client/routes/DrawerNavigator.js": {"path":"/Users/adamjonas/Projects/makers/week-11/h-appy-client/routes/DrawerNavigator.js","statementMap":{"0":{"start":{"line":10,"column":15},"end":{"line":10,"column":38}},"1":{"start":{"line":12,"column":22},"end":{"line":22,"column":1}},"2":{"start":{"line":13,"column":2},"end":{"line":21,"column":21}},"3":{"start":{"line":24,"column":31},"end":{"line":28,"column":1}},"4":{"start":{"line":25,"column":2},"end":{"line":27,"column":24}}},"fnMap":{"0":{"name":"(anonymous_0)","decl":{"start":{"line":12,"column":22},"end":{"line":12,"column":23}},"loc":{"start":{"line":13,"column":2},"end":{"line":21,"column":21}},"line":13},"1":{"name":"(anonymous_1)","decl":{"start":{"line":24,"column":31},"end":{"line":24,"column":32}},"loc":{"start":{"line":25,"column":2},"end":{"line":27,"column":24}},"line":25}},"branchMap":{},"s":{"0":1,"1":1,"2":1,"3":1,"4":1},"f":{"0":1,"1":1},"b":{},"_coverageSchema":"1a1c01bbd47fc00a2c39e90264f33305004495a9","hash":"590e5e74fcdaa9e08b5c8a08892d65c68ec111f1"}
,"/Users/adamjonas/Projects/makers/week-11/h-appy-client/views/About.js": {"path":"/Users/adamjonas/Projects/makers/week-11/h-appy-client/views/About.js","statementMap":{"0":{"start":{"line":9,"column":21},"end":{"line":9,"column":36}},"1":{"start":{"line":10,"column":2},"end":{"line":19,"column":4}},"2":{"start":{"line":16,"column":23},"end":{"line":16,"column":54}},"3":{"start":{"line":22,"column":15},"end":{"line":66,"column":2}}},"fnMap":{"0":{"name":"About","decl":{"start":{"line":8,"column":24},"end":{"line":8,"column":29}},"loc":{"start":{"line":8,"column":32},"end":{"line":20,"column":1}},"line":8},"1":{"name":"(anonymous_1)","decl":{"start":{"line":16,"column":17},"end":{"line":16,"column":18}},"loc":{"start":{"line":16,"column":23},"end":{"line":16,"column":54}},"line":16}},"branchMap":{},"s":{"0":0,"1":0,"2":0,"3":1},"f":{"0":0,"1":0},"b":{},"_coverageSchema":"1a1c01bbd47fc00a2c39e90264f33305004495a9","hash":"f5a406cecd051290ad053d8edd4b83165764efd0"}
,"/Users/adamjonas/Projects/makers/week-11/h-appy-client/views/AddActivity.js": {"path":"/Users/adamjonas/Projects/makers/week-11/h-appy-client/views/AddActivity.js","statementMap":{"0":{"start":{"line":9,"column":2},"end":{"line":13,"column":4}}},"fnMap":{"0":{"name":"AddActivity","decl":{"start":{"line":8,"column":24},"end":{"line":8,"column":35}},"loc":{"start":{"line":8,"column":38},"end":{"line":14,"column":1}},"line":8}},"branchMap":{},"s":{"0":0},"f":{"0":0},"b":{},"_coverageSchema":"1a1c01bbd47fc00a2c39e90264f33305004495a9","hash":"ec79932d13c913842eaaf4d8c5eac4c565542523"}
,"/Users/adamjonas/Projects/makers/week-11/h-appy-client/views/IndividualActivity.js": {"path":"/Users/adamjonas/Projects/makers/week-11/h-appy-client/views/IndividualActivity.js","statementMap":{"0":{"start":{"line":9,"column":21},"end":{"line":9,"column":36}},"1":{"start":{"line":10,"column":2},"end":{"line":19,"column":4}},"2":{"start":{"line":16,"column":23},"end":{"line":16,"column":54}},"3":{"start":{"line":22,"column":15},"end":{"line":66,"column":2}}},"fnMap":{"0":{"name":"IndividualActivity","decl":{"start":{"line":8,"column":24},"end":{"line":8,"column":42}},"loc":{"start":{"line":8,"column":45},"end":{"line":20,"column":1}},"line":8},"1":{"name":"(anonymous_1)","decl":{"start":{"line":16,"column":17},"end":{"line":16,"column":18}},"loc":{"start":{"line":16,"column":23},"end":{"line":16,"column":54}},"line":16}},"branchMap":{},"s":{"0":0,"1":0,"2":0,"3":1},"f":{"0":0,"1":0},"b":{},"_coverageSchema":"1a1c01bbd47fc00a2c39e90264f33305004495a9","hash":"8bd8007c3c827993eb4424f0d604b2e139cd81de"}
,"/Users/adamjonas/Projects/makers/week-11/h-appy-client/views/IndividualCourse.js": {"path":"/Users/adamjonas/Projects/makers/week-11/h-appy-client/views/IndividualCourse.js","statementMap":{"0":{"start":{"line":10,"column":2},"end":{"line":10,"column":20}},"1":{"start":{"line":11,"column":2},"end":{"line":15,"column":4}},"2":{"start":{"line":19,"column":21},"end":{"line":19,"column":36}},"3":{"start":{"line":20,"column":34},"end":{"line":20,"column":48}},"4":{"start":{"line":21,"column":32},"end":{"line":21,"column":44}},"5":{"start":{"line":23,"column":2},"end":{"line":29,"column":9}},"6":{"start":{"line":24,"column":4},"end":{"line":28,"column":40}},"7":{"start":{"line":25,"column":26},"end":{"line":25,"column":41}},"8":{"start":{"line":26,"column":22},"end":{"line":26,"column":38}},"9":{"start":{"line":27,"column":24},"end":{"line":27,"column":44}},"10":{"start":{"line":28,"column":21},"end":{"line":28,"column":38}},"11":{"start":{"line":31,"column":2},"end":{"line":54,"column":4}},"12":{"start":{"line":46,"column":34},"end":{"line":46,"column":42}},"13":{"start":{"line":51,"column":23},"end":{"line":51,"column":54}},"14":{"start":{"line":57,"column":15},"end":{"line":98,"column":2}}},"fnMap":{"0":{"name":"buildItem","decl":{"start":{"line":9,"column":9},"end":{"line":9,"column":18}},"loc":{"start":{"line":9,"column":25},"end":{"line":16,"column":1}},"line":9},"1":{"name":"IndividualCourse","decl":{"start":{"line":18,"column":24},"end":{"line":18,"column":40}},"loc":{"start":{"line":18,"column":43},"end":{"line":55,"column":1}},"line":18},"2":{"name":"(anonymous_2)","decl":{"start":{"line":23,"column":12},"end":{"line":23,"column":13}},"loc":{"start":{"line":23,"column":18},"end":{"line":29,"column":3}},"line":23},"3":{"name":"(anonymous_3)","decl":{"start":{"line":25,"column":12},"end":{"line":25,"column":13}},"loc":{"start":{"line":25,"column":26},"end":{"line":25,"column":41}},"line":25},"4":{"name":"(anonymous_4)","decl":{"start":{"line":26,"column":12},"end":{"line":26,"column":13}},"loc":{"start":{"line":26,"column":22},"end":{"line":26,"column":38}},"line":26},"5":{"name":"(anonymous_5)","decl":{"start":{"line":27,"column":13},"end":{"line":27,"column":14}},"loc":{"start":{"line":27,"column":24},"end":{"line":27,"column":44}},"line":27},"6":{"name":"(anonymous_6)","decl":{"start":{"line":28,"column":15},"end":{"line":28,"column":16}},"loc":{"start":{"line":28,"column":21},"end":{"line":28,"column":38}},"line":28},"7":{"name":"(anonymous_7)","decl":{"start":{"line":46,"column":24},"end":{"line":46,"column":25}},"loc":{"start":{"line":46,"column":34},"end":{"line":46,"column":42}},"line":46},"8":{"name":"(anonymous_8)","decl":{"start":{"line":51,"column":17},"end":{"line":51,"column":18}},"loc":{"start":{"line":51,"column":23},"end":{"line":51,"column":54}},"line":51}},"branchMap":{},"s":{"0":0,"1":0,"2":0,"3":0,"4":0,"5":0,"6":0,"7":0,"8":0,"9":0,"10":0,"11":0,"12":0,"13":0,"14":1},"f":{"0":0,"1":0,"2":0,"3":0,"4":0,"5":0,"6":0,"7":0,"8":0},"b":{},"_coverageSchema":"1a1c01bbd47fc00a2c39e90264f33305004495a9","hash":"e19bc0fc9e597be3f004dfd9418e93091c3083ec"}
,"/Users/adamjonas/Projects/makers/week-11/h-appy-client/views/MainMenu.js": {"path":"/Users/adamjonas/Projects/makers/week-11/h-appy-client/views/MainMenu.js","statementMap":{"0":{"start":{"line":12,"column":21},"end":{"line":12,"column":36}},"1":{"start":{"line":13,"column":2},"end":{"line":22,"column":4}},"2":{"start":{"line":16,"column":39},"end":{"line":16,"column":67}},"3":{"start":{"line":26,"column":2},"end":{"line":30,"column":4}},"4":{"start":{"line":34,"column":22},"end":{"line":34,"column":27}},"5":{"start":{"line":35,"column":22},"end":{"line":35,"column":27}},"6":{"start":{"line":36,"column":20},"end":{"line":36,"column":25}},"7":{"start":{"line":37,"column":23},"end":{"line":37,"column":28}},"8":{"start":{"line":38,"column":21},"end":{"line":38,"column":36}},"9":{"start":{"line":40,"column":2},"end":{"line":40,"column":41}},"10":{"start":{"line":41,"column":2},"end":{"line":67,"column":4}},"11":{"start":{"line":50,"column":32},"end":{"line":50,"column":40}},"12":{"start":{"line":63,"column":32},"end":{"line":63,"column":40}},"13":{"start":{"line":71,"column":23},"end":{"line":71,"column":28}},"14":{"start":{"line":72,"column":34},"end":{"line":72,"column":48}},"15":{"start":{"line":73,"column":32},"end":{"line":73,"column":44}},"16":{"start":{"line":75,"column":2},"end":{"line":81,"column":9}},"17":{"start":{"line":76,"column":4},"end":{"line":80,"column":40}},"18":{"start":{"line":77,"column":26},"end":{"line":77,"column":41}},"19":{"start":{"line":78,"column":22},"end":{"line":78,"column":38}},"20":{"start":{"line":79,"column":24},"end":{"line":79,"column":44}},"21":{"start":{"line":80,"column":21},"end":{"line":80,"column":38}},"22":{"start":{"line":83,"column":2},"end":{"line":113,"column":4}},"23":{"start":{"line":116,"column":15},"end":{"line":157,"column":2}},"24":{"start":{"line":159,"column":17},"end":{"line":203,"column":1}},"25":{"start":{"line":205,"column":26},"end":{"line":211,"column":1}}},"fnMap":{"0":{"name":"MainMenu","decl":{"start":{"line":11,"column":24},"end":{"line":11,"column":32}},"loc":{"start":{"line":11,"column":35},"end":{"line":23,"column":1}},"line":11},"1":{"name":"(anonymous_1)","decl":{"start":{"line":16,"column":33},"end":{"line":16,"column":34}},"loc":{"start":{"line":16,"column":39},"end":{"line":16,"column":67}},"line":16},"2":{"name":"buildItem","decl":{"start":{"line":25,"column":9},"end":{"line":25,"column":18}},"loc":{"start":{"line":25,"column":25},"end":{"line":31,"column":1}},"line":25},"3":{"name":"BuildMenuSection","decl":{"start":{"line":33,"column":9},"end":{"line":33,"column":25}},"loc":{"start":{"line":33,"column":33},"end":{"line":68,"column":1}},"line":33},"4":{"name":"(anonymous_4)","decl":{"start":{"line":50,"column":22},"end":{"line":50,"column":23}},"loc":{"start":{"line":50,"column":32},"end":{"line":50,"column":40}},"line":50},"5":{"name":"(anonymous_5)","decl":{"start":{"line":63,"column":22},"end":{"line":63,"column":23}},"loc":{"start":{"line":63,"column":32},"end":{"line":63,"column":40}},"line":63},"6":{"name":"Menu","decl":{"start":{"line":70,"column":9},"end":{"line":70,"column":13}},"loc":{"start":{"line":70,"column":21},"end":{"line":114,"column":1}},"line":70},"7":{"name":"(anonymous_7)","decl":{"start":{"line":75,"column":12},"end":{"line":75,"column":13}},"loc":{"start":{"line":75,"column":18},"end":{"line":81,"column":3}},"line":75},"8":{"name":"(anonymous_8)","decl":{"start":{"line":77,"column":12},"end":{"line":77,"column":13}},"loc":{"start":{"line":77,"column":26},"end":{"line":77,"column":41}},"line":77},"9":{"name":"(anonymous_9)","decl":{"start":{"line":78,"column":12},"end":{"line":78,"column":13}},"loc":{"start":{"line":78,"column":22},"end":{"line":78,"column":38}},"line":78},"10":{"name":"(anonymous_10)","decl":{"start":{"line":79,"column":13},"end":{"line":79,"column":14}},"loc":{"start":{"line":79,"column":24},"end":{"line":79,"column":44}},"line":79},"11":{"name":"(anonymous_11)","decl":{"start":{"line":80,"column":15},"end":{"line":80,"column":16}},"loc":{"start":{"line":80,"column":21},"end":{"line":80,"column":38}},"line":80}},"branchMap":{"0":{"loc":{"start":{"line":40,"column":12},"end":{"line":40,"column":40}},"type":"binary-expr","locations":[{"start":{"line":40,"column":12},"end":{"line":40,"column":19}},{"start":{"line":40,"column":23},"end":{"line":40,"column":40}}],"line":40}},"s":{"0":1,"1":1,"2":0,"3":0,"4":4,"5":4,"6":4,"7":4,"8":4,"9":4,"10":4,"11":0,"12":0,"13":1,"14":1,"15":1,"16":1,"17":1,"18":0,"19":0,"20":0,"21":0,"22":1,"23":1,"24":1,"25":1},"f":{"0":1,"1":0,"2":0,"3":4,"4":0,"5":0,"6":1,"7":1,"8":0,"9":0,"10":0,"11":0},"b":{"0":[4,4]},"_coverageSchema":"1a1c01bbd47fc00a2c39e90264f33305004495a9","hash":"1d38c229f6b5440efcb77253799664de64c1f091"}
}
