TN:
SF:App.js
FN:6,App
FNF:1
FNH:1
FNDA:1,App
DA:7,1
DA:14,1
LF:2
LH:2
BRDA:18,0,0,0
BRDA:18,0,1,1
BRF:2
BRH:1
end_of_record
TN:
SF:stockData.js
FNF:0
FNH:0
DA:1,2
DA:47,2
LF:2
LH:2
BRF:0
BRH:0
end_of_record
TN:
SF:components/CourseHeader.js
FN:4,CourseHeader
FNF:1
FNH:1
FNDA:2,CourseHeader
DA:5,2
DA:6,2
DA:13,4
LF:3
LH:3
BRF:0
BRH:0
end_of_record
TN:
SF:components/Header.js
FN:4,Header
FNF:1
FNH:1
FNDA:6,Header
DA:5,6
DA:12,8
LF:2
LH:2
BRF:0
BRH:0
end_of_record
TN:
SF:routes/AppNavigator.js
FNF:0
FNH:0
LF:0
LH:0
BRF:0
BRH:0
end_of_record
TN:
SF:routes/DrawerNavigator.js
FN:12,Nibbles
FN:18,Starters
FN:24,Mains
FN:30,Desserts
FN:36,(anonymous_4)
FNF:5
FNH:0
FNDA:0,Nibbles
FNDA:0,Starters
FNDA:0,Mains
FNDA:0,Desserts
FNDA:0,(anonymous_4)
DA:10,1
DA:13,0
DA:19,0
DA:25,0
DA:31,0
DA:36,1
DA:37,0
DA:55,1
DA:62,1
LF:9
LH:4
BRF:0
BRH:0
end_of_record
TN:
SF:src/FetchActivities.js
FN:4,FetchActivities
FN:7,(anonymous_1)
FN:9,(anonymous_2)
FN:10,(anonymous_3)
FN:11,(anonymous_4)
FNF:5
FNH:1
FNDA:1,FetchActivities
FNDA:0,(anonymous_1)
FNDA:0,(anonymous_2)
FNDA:0,(anonymous_3)
FNDA:0,(anonymous_4)
DA:5,1
DA:7,1
DA:8,0
DA:9,0
DA:10,0
DA:11,0
DA:14,1
LF:7
LH:3
BRF:0
BRH:0
end_of_record
TN:
SF:views/About.js
FN:8,About
FN:16,(anonymous_1)
FNF:2
FNH:1
FNDA:1,About
FNDA:0,(anonymous_1)
DA:9,1
DA:10,1
DA:16,0
DA:22,2
LF:4
LH:3
BRF:0
BRH:0
end_of_record
TN:
SF:views/AddActivity.js
FN:9,AddActivity
FN:25,(anonymous_1)
FN:37,AccessibilitySlider
FN:51,(anonymous_3)
FN:57,PriceSlider
FN:71,(anonymous_5)
FNF:6
FNH:3
FNDA:1,AddActivity
FNDA:0,(anonymous_1)
FNDA:1,AccessibilitySlider
FNDA:0,(anonymous_3)
FNDA:1,PriceSlider
FNDA:0,(anonymous_5)
DA:10,1
DA:11,1
DA:25,0
DA:38,1
DA:39,1
DA:51,0
DA:58,1
DA:59,1
DA:71,0
DA:77,2
LF:10
LH:7
BRF:0
BRH:0
end_of_record
TN:
SF:views/IndividualActivity.js
FN:8,IndividualActivity
FN:16,(anonymous_1)
FNF:2
FNH:1
FNDA:1,IndividualActivity
FNDA:0,(anonymous_1)
DA:9,1
DA:10,1
DA:16,0
DA:22,1
LF:4
LH:3
BRF:0
BRH:0
end_of_record
TN:
SF:views/IndividualCourse.js
FN:10,buildItem
FN:18,IndividualCourse
FN:39,(anonymous_2)
FN:44,(anonymous_3)
FNF:4
FNH:1
FNDA:0,buildItem
FNDA:1,IndividualCourse
FNDA:0,(anonymous_2)
FNDA:0,(anonymous_3)
DA:11,0
DA:19,1
DA:21,1
DA:22,1
DA:24,1
DA:39,0
DA:44,0
DA:50,3
LF:8
LH:5
BRF:0
BRH:0
end_of_record
TN:
SF:views/MainMenu.js
FN:12,MainMenu
FN:17,(anonymous_1)
FN:26,Item
FN:34,MenuSection
FN:52,(anonymous_4)
FN:59,(anonymous_5)
FN:66,Menu
FNF:7
FNH:3
FNDA:1,MainMenu
FNDA:0,(anonymous_1)
FNDA:0,Item
FNDA:4,MenuSection
FNDA:0,(anonymous_4)
FNDA:0,(anonymous_5)
FNDA:1,Menu
DA:13,1
DA:14,1
DA:17,0
DA:27,0
DA:35,4
DA:36,4
DA:37,4
DA:38,4
DA:39,4
DA:40,4
DA:42,4
DA:52,0
DA:59,0
DA:67,1
DA:68,1
DA:70,1
DA:100,2
LF:17
LH:13
BRDA:40,0,0,4
BRDA:40,0,1,4
BRF:2
BRH:2
end_of_record
