TN:
SF:App.js
FN:7,App
FNF:1
FNH:1
FNDA:1,App
DA:8,1
DA:17,1
LF:2
LH:2
BRDA:21,0,0,0
BRDA:21,0,1,1
BRF:2
BRH:1
end_of_record
TN:
SF:components/CourseHeader.js
FN:4,CourseHeader
FNF:1
FNH:0
FNDA:0,CourseHeader
DA:5,0
DA:12,1
LF:2
LH:1
BRF:0
BRH:0
end_of_record
TN:
SF:components/ErrorBoundary.js
FN:5,(anonymous_0)
FN:10,(anonymous_1)
FN:15,(anonymous_2)
FN:19,(anonymous_3)
FNF:4
FNH:4
FNDA:1,(anonymous_0)
FNDA:6,(anonymous_1)
FNDA:6,(anonymous_2)
FNDA:3,(anonymous_3)
DA:6,1
DA:7,1
DA:12,6
DA:16,6
DA:20,3
DA:21,2
DA:24,1
LF:7
LH:7
BRDA:20,0,0,2
BRDA:20,0,1,1
BRF:2
BRH:2
end_of_record
TN:
SF:components/Header.js
FN:4,Header
FNF:1
FNH:1
FNDA:1,Header
DA:5,1
DA:12,1
LF:2
LH:2
BRF:0
BRH:0
end_of_record
TN:
SF:routes/AppNavigator.js
FN:12,(anonymous_0)
FN:22,(anonymous_1)
FNF:2
FNH:0
FNDA:0,(anonymous_0)
FNDA:0,(anonymous_1)
DA:10,0
DA:12,0
DA:13,0
DA:22,0
DA:23,0
LF:5
LH:0
BRF:0
BRH:0
end_of_record
TN:
SF:routes/DrawerNavigator.js
FN:12,(anonymous_0)
FN:24,(anonymous_1)
FNF:2
FNH:2
FNDA:1,(anonymous_0)
FNDA:1,(anonymous_1)
DA:10,1
DA:12,1
DA:13,1
DA:24,1
DA:25,1
LF:5
LH:5
BRF:0
BRH:0
end_of_record
TN:
SF:views/About.js
FN:8,About
FN:16,(anonymous_1)
FNF:2
FNH:0
FNDA:0,About
FNDA:0,(anonymous_1)
DA:9,0
DA:10,0
DA:16,0
DA:22,1
LF:4
LH:1
BRF:0
BRH:0
end_of_record
TN:
SF:views/AddActivity.js
FN:8,AddActivity
FNF:1
FNH:0
FNDA:0,AddActivity
DA:9,0
LF:1
LH:0
BRF:0
BRH:0
end_of_record
TN:
SF:views/IndividualActivity.js
FN:8,IndividualActivity
FN:16,(anonymous_1)
FNF:2
FNH:0
FNDA:0,IndividualActivity
FNDA:0,(anonymous_1)
DA:9,0
DA:10,0
DA:16,0
DA:22,1
LF:4
LH:1
BRF:0
BRH:0
end_of_record
TN:
SF:views/IndividualCourse.js
FN:9,buildItem
FN:18,IndividualCourse
FN:23,(anonymous_2)
FN:25,(anonymous_3)
FN:26,(anonymous_4)
FN:27,(anonymous_5)
FN:28,(anonymous_6)
FN:46,(anonymous_7)
FN:51,(anonymous_8)
FNF:9
FNH:0
FNDA:0,buildItem
FNDA:0,IndividualCourse
FNDA:0,(anonymous_2)
FNDA:0,(anonymous_3)
FNDA:0,(anonymous_4)
FNDA:0,(anonymous_5)
FNDA:0,(anonymous_6)
FNDA:0,(anonymous_7)
FNDA:0,(anonymous_8)
DA:10,0
DA:11,0
DA:19,0
DA:20,0
DA:21,0
DA:23,0
DA:24,0
DA:25,0
DA:26,0
DA:27,0
DA:28,0
DA:31,0
DA:46,0
DA:51,0
DA:57,1
LF:15
LH:1
BRF:0
BRH:0
end_of_record
TN:
SF:views/MainMenu.js
FN:11,MainMenu
FN:16,(anonymous_1)
FN:25,buildItem
FN:33,BuildMenuSection
FN:50,(anonymous_4)
FN:63,(anonymous_5)
FN:70,Menu
FN:75,(anonymous_7)
FN:77,(anonymous_8)
FN:78,(anonymous_9)
FN:79,(anonymous_10)
FN:80,(anonymous_11)
FNF:12
FNH:4
FNDA:1,MainMenu
FNDA:0,(anonymous_1)
FNDA:0,buildItem
FNDA:4,BuildMenuSection
FNDA:0,(anonymous_4)
FNDA:0,(anonymous_5)
FNDA:1,Menu
FNDA:1,(anonymous_7)
FNDA:0,(anonymous_8)
FNDA:0,(anonymous_9)
FNDA:0,(anonymous_10)
FNDA:0,(anonymous_11)
DA:12,1
DA:13,1
DA:16,0
DA:26,0
DA:34,4
DA:35,4
DA:36,4
DA:37,4
DA:38,4
DA:40,4
DA:41,4
DA:50,0
DA:63,0
DA:71,1
DA:72,1
DA:73,1
DA:75,1
DA:76,1
DA:77,0
DA:78,0
DA:79,0
DA:80,0
DA:83,1
DA:116,1
DA:159,1
DA:205,1
LF:26
LH:18
BRDA:40,0,0,4
BRDA:40,0,1,4
BRF:2
BRH:2
end_of_record
